This is pdfTeX, Version 3.141592653-2.6-1.40.22 (TeX Live 2022/dev/Debian) (preloaded format=pdflatex 2024.7.16)  21 AUG 2024 13:49
entering extended mode
 restricted \write18 enabled.
 file:line:error style messages enabled.
 %&-line parsing enabled.
**/home/pengu5055/Documents/FMF1mag/mod112/Latex/mod112.tex
(/home/pengu5055/Documents/FMF1mag/mod112/Latex/mod112.tex
LaTeX2e <2021-11-15> patch level 1
L3 programming layer <2022-01-21> (/usr/share/texlive/texmf-dist/tex/latex/base/article.cls
Document Class: article 2021/10/04 v1.4n Standard LaTeX document class
(/usr/share/texlive/texmf-dist/tex/latex/base/size10.clo
File: size10.clo 2021/10/04 v1.4n Standard LaTeX file (size option)
)
\c@part=\count185
\c@section=\count186
\c@subsection=\count187
\c@subsubsection=\count188
\c@paragraph=\count189
\c@subparagraph=\count190
\c@figure=\count191
\c@table=\count192
\abovecaptionskip=\skip47
\belowcaptionskip=\skip48
\bibindent=\dimen138
) (/usr/share/texlive/texmf-dist/tex/latex/geometry/geometry.sty
Package: geometry 2020/01/02 v5.9 Page Geometry
 (/usr/share/texlive/texmf-dist/tex/latex/graphics/keyval.sty
Package: keyval 2014/10/28 v1.15 key=value parser (DPC)
\KV@toks@=\toks16
) (/usr/share/texlive/texmf-dist/tex/generic/iftex/ifvtex.sty
Package: ifvtex 2019/10/25 v1.7 ifvtex legacy package. Use iftex instead.
 (/usr/share/texlive/texmf-dist/tex/generic/iftex/iftex.sty
Package: iftex 2020/03/06 v1.0d TeX engine tests
))
\Gm@cnth=\count193
\Gm@cntv=\count194
\c@Gm@tempcnt=\count195
\Gm@bindingoffset=\dimen139
\Gm@wd@mp=\dimen140
\Gm@odd@mp=\dimen141
\Gm@even@mp=\dimen142
\Gm@layoutwidth=\dimen143
\Gm@layoutheight=\dimen144
\Gm@layouthoffset=\dimen145
\Gm@layoutvoffset=\dimen146
\Gm@dimlist=\toks17
) (/usr/share/texlive/texmf-dist/tex/latex/graphics/graphicx.sty
Package: graphicx 2021/09/16 v1.2d Enhanced LaTeX Graphics (DPC,SPQR)
 (/usr/share/texlive/texmf-dist/tex/latex/graphics/graphics.sty
Package: graphics 2021/03/04 v1.4d Standard LaTeX Graphics (DPC,SPQR)
 (/usr/share/texlive/texmf-dist/tex/latex/graphics/trig.sty
Package: trig 2021/08/11 v1.11 sin cos tan (DPC)
) (/usr/share/texlive/texmf-dist/tex/latex/graphics-cfg/graphics.cfg
File: graphics.cfg 2016/06/04 v1.11 sample graphics configuration
)
Package graphics Info: Driver file: pdftex.def on input line 107.
 (/usr/share/texlive/texmf-dist/tex/latex/graphics-def/pdftex.def
File: pdftex.def 2020/10/05 v1.2a Graphics/color driver for pdftex
))
\Gin@req@height=\dimen147
\Gin@req@width=\dimen148
) (/usr/share/texlive/texmf-dist/tex/latex/hyperref/hyperref.sty
Package: hyperref 2021-06-07 v7.00m Hypertext links for LaTeX
 (/usr/share/texlive/texmf-dist/tex/generic/ltxcmds/ltxcmds.sty
Package: ltxcmds 2020-05-10 v1.25 LaTeX kernel commands for general use (HO)
) (/usr/share/texlive/texmf-dist/tex/generic/pdftexcmds/pdftexcmds.sty
Package: pdftexcmds 2020-06-27 v0.33 Utility functions of pdfTeX for LuaTeX (HO)
 (/usr/share/texlive/texmf-dist/tex/generic/infwarerr/infwarerr.sty
Package: infwarerr 2019/12/03 v1.5 Providing info/warning/error messages (HO)
)
Package pdftexcmds Info: \pdf@primitive is available.
Package pdftexcmds Info: \pdf@ifprimitive is available.
Package pdftexcmds Info: \pdfdraftmode found.
) (/usr/share/texlive/texmf-dist/tex/generic/kvsetkeys/kvsetkeys.sty
Package: kvsetkeys 2019/12/15 v1.18 Key value parser (HO)
) (/usr/share/texlive/texmf-dist/tex/generic/kvdefinekeys/kvdefinekeys.sty
Package: kvdefinekeys 2019-12-19 v1.6 Define keys (HO)
) (/usr/share/texlive/texmf-dist/tex/generic/pdfescape/pdfescape.sty
Package: pdfescape 2019/12/09 v1.15 Implements pdfTeX's escape features (HO)
) (/usr/share/texlive/texmf-dist/tex/latex/hycolor/hycolor.sty
Package: hycolor 2020-01-27 v1.10 Color options for hyperref/bookmark (HO)
) (/usr/share/texlive/texmf-dist/tex/latex/letltxmacro/letltxmacro.sty
Package: letltxmacro 2019/12/03 v1.6 Let assignment for LaTeX macros (HO)
) (/usr/share/texlive/texmf-dist/tex/latex/auxhook/auxhook.sty
Package: auxhook 2019-12-17 v1.6 Hooks for auxiliary files (HO)
) (/usr/share/texlive/texmf-dist/tex/latex/kvoptions/kvoptions.sty
Package: kvoptions 2020-10-07 v3.14 Key value format for package options (HO)
)
\@linkdim=\dimen149
\Hy@linkcounter=\count196
\Hy@pagecounter=\count197
 (/usr/share/texlive/texmf-dist/tex/latex/hyperref/pd1enc.def
File: pd1enc.def 2021-06-07 v7.00m Hyperref: PDFDocEncoding definition (HO)
Now handling font encoding PD1 ...
... no UTF-8 mapping file for font encoding PD1
) (/usr/share/texlive/texmf-dist/tex/latex/hyperref/hyperref-langpatches.def
File: hyperref-langpatches.def 2021-06-07 v7.00m Hyperref: patches for babel languages
) (/usr/share/texlive/texmf-dist/tex/generic/intcalc/intcalc.sty
Package: intcalc 2019/12/15 v1.3 Expandable calculations with integers (HO)
) (/usr/share/texlive/texmf-dist/tex/generic/etexcmds/etexcmds.sty
Package: etexcmds 2019/12/15 v1.7 Avoid name clashes with e-TeX commands (HO)
)
\Hy@SavedSpaceFactor=\count198
 (/usr/share/texlive/texmf-dist/tex/latex/hyperref/puenc.def
File: puenc.def 2021-06-07 v7.00m Hyperref: PDF Unicode definition (HO)
Now handling font encoding PU ...
... no UTF-8 mapping file for font encoding PU
)
Package hyperref Info: Hyper figures OFF on input line 4192.
Package hyperref Info: Link nesting OFF on input line 4197.
Package hyperref Info: Hyper index ON on input line 4200.
Package hyperref Info: Plain pages OFF on input line 4207.
Package hyperref Info: Backreferencing OFF on input line 4212.
Package hyperref Info: Implicit mode ON; LaTeX internals redefined.
Package hyperref Info: Bookmarks ON on input line 4445.
\c@Hy@tempcnt=\count199
 (/usr/share/texlive/texmf-dist/tex/latex/url/url.sty
\Urlmuskip=\muskip16
Package: url 2013/09/16  ver 3.4  Verb mode for urls, etc.
)
LaTeX Info: Redefining \url on input line 4804.
\XeTeXLinkMargin=\dimen150
 (/usr/share/texlive/texmf-dist/tex/generic/bitset/bitset.sty
Package: bitset 2019/12/09 v1.3 Handle bit-vector datatype (HO)
 (/usr/share/texlive/texmf-dist/tex/generic/bigintcalc/bigintcalc.sty
Package: bigintcalc 2019/12/15 v1.5 Expandable calculations on big integers (HO)
))
\Fld@menulength=\count266
\Field@Width=\dimen151
\Fld@charsize=\dimen152
Package hyperref Info: Hyper figures OFF on input line 6076.
Package hyperref Info: Link nesting OFF on input line 6081.
Package hyperref Info: Hyper index ON on input line 6084.
Package hyperref Info: backreferencing OFF on input line 6091.
Package hyperref Info: Link coloring OFF on input line 6096.
Package hyperref Info: Link coloring with OCG OFF on input line 6101.
Package hyperref Info: PDF/A mode OFF on input line 6106.
LaTeX Info: Redefining \ref on input line 6146.
LaTeX Info: Redefining \pageref on input line 6150.
 (/usr/share/texlive/texmf-dist/tex/latex/base/atbegshi-ltx.sty
Package: atbegshi-ltx 2021/01/10 v1.0c Emulation of the original atbegshi
package with kernel methods
)
\Hy@abspage=\count267
\c@Item=\count268
\c@Hfootnote=\count269
)
Package hyperref Info: Driver (autodetected): hpdftex.
 (/usr/share/texlive/texmf-dist/tex/latex/hyperref/hpdftex.def
File: hpdftex.def 2021-06-07 v7.00m Hyperref driver for pdfTeX
 (/usr/share/texlive/texmf-dist/tex/latex/base/atveryend-ltx.sty
Package: atveryend-ltx 2020/08/19 v1.0a Emulation of the original atveryend package
with kernel methods
)
\Fld@listcount=\count270
\c@bookmark@seq@number=\count271
 (/usr/share/texlive/texmf-dist/tex/latex/rerunfilecheck/rerunfilecheck.sty
Package: rerunfilecheck 2019/12/05 v1.9 Rerun checks for auxiliary files (HO)
 (/usr/share/texlive/texmf-dist/tex/generic/uniquecounter/uniquecounter.sty
Package: uniquecounter 2019/12/15 v1.4 Provide unlimited unique counter (HO)
)
Package uniquecounter Info: New unique counter `rerunfilecheck' on input line 286.
)
\Hy@SectionHShift=\skip49
) (/usr/share/texlive/texmf-dist/tex/latex/wrapfig/wrapfig.sty
\wrapoverhang=\dimen153
\WF@size=\dimen154
\c@WF@wrappedlines=\count272
\WF@box=\box50
\WF@everypar=\toks18
Package: wrapfig 2003/01/31  v 3.6
) (/usr/share/texlive/texmf-dist/tex/latex/amsfonts/amsfonts.sty
Package: amsfonts 2013/01/14 v3.01 Basic AMSFonts support
\@emptytoks=\toks19
\symAMSa=\mathgroup4
\symAMSb=\mathgroup5
LaTeX Font Info:    Redeclaring math symbol \hbar on input line 98.
LaTeX Font Info:    Overwriting math alphabet `\mathfrak' in version `bold'
(Font)                  U/euf/m/n --> U/euf/b/n on input line 106.
) (/usr/share/texlive/texmf-dist/tex/latex/amsmath/amsmath.sty
Package: amsmath 2021/10/15 v2.17l AMS math features
\@mathmargin=\skip50

For additional information on amsmath, use the `?' option.
(/usr/share/texlive/texmf-dist/tex/latex/amsmath/amstext.sty
Package: amstext 2021/08/26 v2.01 AMS text
 (/usr/share/texlive/texmf-dist/tex/latex/amsmath/amsgen.sty
File: amsgen.sty 1999/11/30 v2.0 generic functions
\@emptytoks=\toks20
\ex@=\dimen155
)) (/usr/share/texlive/texmf-dist/tex/latex/amsmath/amsbsy.sty
Package: amsbsy 1999/11/29 v1.2d Bold Symbols
\pmbraise@=\dimen156
) (/usr/share/texlive/texmf-dist/tex/latex/amsmath/amsopn.sty
Package: amsopn 2021/08/26 v2.02 operator names
)
\inf@bad=\count273
LaTeX Info: Redefining \frac on input line 234.
\uproot@=\count274
\leftroot@=\count275
LaTeX Info: Redefining \overline on input line 399.
\classnum@=\count276
\DOTSCASE@=\count277
LaTeX Info: Redefining \ldots on input line 496.
LaTeX Info: Redefining \dots on input line 499.
LaTeX Info: Redefining \cdots on input line 620.
\Mathstrutbox@=\box51
\strutbox@=\box52
\big@size=\dimen157
LaTeX Font Info:    Redeclaring font encoding OML on input line 743.
LaTeX Font Info:    Redeclaring font encoding OMS on input line 744.
\macc@depth=\count278
\c@MaxMatrixCols=\count279
\dotsspace@=\muskip17
\c@parentequation=\count280
\dspbrk@lvl=\count281
\tag@help=\toks21
\row@=\count282
\column@=\count283
\maxfields@=\count284
\andhelp@=\toks22
\eqnshift@=\dimen158
\alignsep@=\dimen159
\tagshift@=\dimen160
\tagwidth@=\dimen161
\totwidth@=\dimen162
\lineht@=\dimen163
\@envbody=\toks23
\multlinegap=\skip51
\multlinetaggap=\skip52
\mathdisplay@stack=\toks24
LaTeX Info: Redefining \[ on input line 2938.
LaTeX Info: Redefining \] on input line 2939.
) (/usr/share/texlive/texmf-dist/tex/latex/bbm-macros/bbm.sty
Package: bbm 1999/03/15 V 1.2 provides fonts for set symbols - TH
LaTeX Font Info:    Overwriting math alphabet `\mathbbm' in version `bold'
(Font)                  U/bbm/m/n --> U/bbm/bx/n on input line 33.
LaTeX Font Info:    Overwriting math alphabet `\mathbbmss' in version `bold'
(Font)                  U/bbmss/m/n --> U/bbmss/bx/n on input line 35.
) (/usr/share/texlive/texmf-dist/tex/latex/float/float.sty
Package: float 2001/11/08 v1.3d Float enhancements (AL)
\c@float@type=\count285
\float@exts=\toks25
\float@box=\box53
\@float@everytoks=\toks26
\@floatcapt=\box54
) (/usr/share/texlive/texmf-dist/tex/latex/l3packages/xfrac/xfrac.sty (/usr/share/texlive/texmf-dist/tex/latex/l3kernel/expl3.sty
Package: expl3 2022-01-21 L3 programming layer (loader) 
 (/usr/share/texlive/texmf-dist/tex/latex/l3backend/l3backend-pdftex.def
File: l3backend-pdftex.def 2022-01-12 L3 backend support: PDF output (pdfTeX)
\l__color_backend_stack_int=\count286
\l__pdf_internal_box=\box55
)) (/usr/share/texlive/texmf-dist/tex/latex/l3packages/l3keys2e/l3keys2e.sty
Package: l3keys2e 2022-01-12 LaTeX2e option processing using LaTeX3 keys
) (/usr/share/texlive/texmf-dist/tex/latex/base/textcomp.sty
Package: textcomp 2020/02/02 v2.0n Standard LaTeX package
) (/usr/share/texlive/texmf-dist/tex/latex/l3packages/xparse/xparse.sty
Package: xparse 2022-01-12 L3 Experimental document command parser
) (/usr/share/texlive/texmf-dist/tex/latex/l3packages/xtemplate/xtemplate.sty
Package: xtemplate 2022-01-12 L3 Experimental prototype document functions
\l__xtemplate_tmp_dim=\dimen164
\l__xtemplate_tmp_int=\count287
\l__xtemplate_tmp_muskip=\muskip18
\l__xtemplate_tmp_skip=\skip53
)
Package: xfrac 2022-01-12 L3 Experimental split-level fractions
\l__xfrac_slash_box=\box56
\l__xfrac_tmp_box=\box57
\l__xfrac_denominator_bot_sep_dim=\dimen165
\l__xfrac_numerator_bot_sep_dim=\dimen166
\l__xfrac_numerator_top_sep_dim=\dimen167
\l__xfrac_slash_left_sep_dim=\dimen168
\l__xfrac_slash_right_sep_dim=\dimen169
\l__xfrac_slash_left_muskip=\muskip19
\l__xfrac_slash_right_muskip=\muskip20

Package xtemplate Info: Declaring object type 'xfrac' taking 3 argument(s) on
(xtemplate)             line 80.

)
Package hyperref Info: Option `colorlinks' set `true' on input line 16.
 (/usr/share/texlive/texmf-dist/tex/latex/natbib/natbib.sty
Package: natbib 2010/09/13 8.31b (PWD, AO)
\bibhang=\skip54
\bibsep=\skip55
LaTeX Info: Redefining \cite on input line 694.
\c@NAT@ctr=\count288
) (./mod112.aux)
\openout1 = `mod112.aux'.

LaTeX Font Info:    Checking defaults for OML/cmm/m/it on input line 38.
LaTeX Font Info:    ... okay on input line 38.
LaTeX Font Info:    Checking defaults for OMS/cmsy/m/n on input line 38.
LaTeX Font Info:    ... okay on input line 38.
LaTeX Font Info:    Checking defaults for OT1/cmr/m/n on input line 38.
LaTeX Font Info:    ... okay on input line 38.
LaTeX Font Info:    Checking defaults for T1/cmr/m/n on input line 38.
LaTeX Font Info:    ... okay on input line 38.
LaTeX Font Info:    Checking defaults for TS1/cmr/m/n on input line 38.
LaTeX Font Info:    ... okay on input line 38.
LaTeX Font Info:    Checking defaults for OMX/cmex/m/n on input line 38.
LaTeX Font Info:    ... okay on input line 38.
LaTeX Font Info:    Checking defaults for U/cmr/m/n on input line 38.
LaTeX Font Info:    ... okay on input line 38.
LaTeX Font Info:    Checking defaults for PD1/pdf/m/n on input line 38.
LaTeX Font Info:    ... okay on input line 38.
LaTeX Font Info:    Checking defaults for PU/pdf/m/n on input line 38.
LaTeX Font Info:    ... okay on input line 38.

*geometry* driver: auto-detecting
*geometry* detected driver: pdftex
*geometry* verbose mode - [ preamble ] result:
* driver: pdftex
* paper: a4paper
* layout: <same size as paper>
* layoutoffset:(h,v)=(0.0pt,0.0pt)
* modes: 
* h-part:(L,W,R)=(71.13188pt, 455.24411pt, 71.13188pt)
* v-part:(T,H,B)=(64.01869pt, 717.00946pt, 64.01869pt)
* \paperwidth=597.50787pt
* \paperheight=845.04684pt
* \textwidth=455.24411pt
* \textheight=717.00946pt
* \oddsidemargin=-1.1381pt
* \evensidemargin=-1.1381pt
* \topmargin=-45.2513pt
* \headheight=12.0pt
* \headsep=25.0pt
* \topskip=10.0pt
* \footskip=30.0pt
* \marginparwidth=57.0pt
* \marginparsep=11.0pt
* \columnsep=10.0pt
* \skip\footins=9.0pt plus 4.0pt minus 2.0pt
* \hoffset=0.0pt
* \voffset=0.0pt
* \mag=1000
* \@twocolumnfalse
* \@twosidefalse
* \@mparswitchfalse
* \@reversemarginfalse
* (1in=72.27pt=25.4mm, 1cm=28.453pt)

(/usr/share/texlive/texmf-dist/tex/context/base/mkii/supp-pdf.mkii
[Loading MPS to PDF converter (version 2006.09.02).]
\scratchcounter=\count289
\scratchdimen=\dimen170
\scratchbox=\box58
\nofMPsegments=\count290
\nofMParguments=\count291
\everyMPshowfont=\toks27
\MPscratchCnt=\count292
\MPscratchDim=\dimen171
\MPnumerator=\count293
\makeMPintoPDFobject=\count294
\everyMPtoPDFconversion=\toks28
) (/usr/share/texlive/texmf-dist/tex/latex/epstopdf-pkg/epstopdf-base.sty
Package: epstopdf-base 2020-01-24 v2.11 Base part for package epstopdf
Package epstopdf-base Info: Redefining graphics rule for `.eps' on input line 485.
 (/usr/share/texlive/texmf-dist/tex/latex/latexconfig/epstopdf-sys.cfg
File: epstopdf-sys.cfg 2010/07/13 v1.3 Configuration of (r)epstopdf for TeX Live
)) (/usr/share/texlive/texmf-dist/tex/latex/graphics/color.sty
Package: color 2021/12/07 v1.3c Standard LaTeX Color (DPC)
 (/usr/share/texlive/texmf-dist/tex/latex/graphics-cfg/color.cfg
File: color.cfg 2016/01/02 v1.6 sample color configuration
)
Package color Info: Driver file: pdftex.def on input line 149.
)
Package hyperref Info: Link coloring ON on input line 38.
 (/usr/share/texlive/texmf-dist/tex/latex/hyperref/nameref.sty
Package: nameref 2021-04-02 v2.47 Cross-referencing by name of section
 (/usr/share/texlive/texmf-dist/tex/latex/refcount/refcount.sty
Package: refcount 2019/12/15 v3.6 Data extraction from label references (HO)
) (/usr/share/texlive/texmf-dist/tex/generic/gettitlestring/gettitlestring.sty
Package: gettitlestring 2019/12/15 v1.6 Cleanup title references (HO)
)
\c@section@level=\count295
)
LaTeX Info: Redefining \ref on input line 38.
LaTeX Info: Redefining \pageref on input line 38.
LaTeX Info: Redefining \nameref on input line 38.
 (./mod112.out) (./mod112.out)
\@outlinefile=\write3
\openout3 = `mod112.out'.

<logo_fmf.pdf, id=40, 233.03412pt x 141.6228pt>
File: logo_fmf.pdf Graphic file (type pdf)
<use logo_fmf.pdf>
Package pdftex.def Info: logo_fmf.pdf  used on input line 43.
(pdftex.def)             Requested size: 170.71652pt x 103.75114pt.
 [1

{/var/lib/texmf/fonts/map/pdftex/updmap/pdftex.map} <./logo_fmf.pdf>]
Package hyperref Info: Option `pageanchor' set `true' on input line 66.
 (./mod112.toc
LaTeX Font Info:    Trying to load font information for U+msa on input line 3.
 (/usr/share/texlive/texmf-dist/tex/latex/amsfonts/umsa.fd
File: umsa.fd 2013/01/14 v3.01 AMS symbols A
)
LaTeX Font Info:    Trying to load font information for U+msb on input line 3.
 (/usr/share/texlive/texmf-dist/tex/latex/amsfonts/umsb.fd
File: umsb.fd 2013/01/14 v3.01 AMS symbols B
))
\tf@toc=\write4
\openout4 = `mod112.toc'.


Underfull \hbox (badness 10000) in paragraph at lines 77--82

 []


Underfull \hbox (badness 10000) in paragraph at lines 87--96

 []

pdfTeX warning (ext4): destination with the same identifier (name{page.1}) has been already used, duplicate ignored
<to be read again> 
                   \relax 
l.138 \end{equation}
                     [1]
Underfull \hbox (badness 10000) in paragraph at lines 138--143

 []

<../MaxEntropy/Images/supplied-data.pdf, id=91, 867.24pt x 361.35pt>
File: ../MaxEntropy/Images/supplied-data.pdf Graphic file (type pdf)
<use ../MaxEntropy/Images/supplied-data.pdf>
Package pdftex.def Info: ../MaxEntropy/Images/supplied-data.pdf  used on input line 153.
(pdftex.def)             Requested size: 432.48051pt x 180.20036pt.
<../LinForecast/Images/new-data.pdf, id=94, 867.24pt x 650.43pt>
File: ../LinForecast/Images/new-data.pdf Graphic file (type pdf)
<use ../LinForecast/Images/new-data.pdf>
Package pdftex.def Info: ../LinForecast/Images/new-data.pdf  used on input line 176.
(pdftex.def)             Requested size: 432.48051pt x 324.36067pt.
[2pdfTeX warning (ext4): destination with the same identifier (name{figure.1}) has been already used, duplicate ignored
<argument> ...shipout:D \box_use:N \l_shipout_box 
                                                  \__shipout_drop_firstpage_...
l.180 
       <../MaxEntropy/Images/supplied-data.pdf>]
<../MaxEntropy/Images/detrended-co2.pdf, id=158, 867.24pt x 361.35pt>
File: ../MaxEntropy/Images/detrended-co2.pdf Graphic file (type pdf)
<use ../MaxEntropy/Images/detrended-co2.pdf>
Package pdftex.def Info: ../MaxEntropy/Images/detrended-co2.pdf  used on input line 200.
(pdftex.def)             Requested size: 432.48051pt x 180.20036pt.
 [3pdfTeX warning (ext4): destination with the same identifier (name{figure.2}) has been already used, duplicate ignored
<argument> ...shipout:D \box_use:N \l_shipout_box 
                                                  \__shipout_drop_firstpage_...
l.204 
       <../LinForecast/Images/new-data.pdf>]
<../LinForecast/Images/borza-detrended.pdf, id=229, 867.24pt x 361.35pt>
File: ../LinForecast/Images/borza-detrended.pdf Graphic file (type pdf)
<use ../LinForecast/Images/borza-detrended.pdf>
Package pdftex.def Info: ../LinForecast/Images/borza-detrended.pdf  used on input line 207.
(pdftex.def)             Requested size: 432.48051pt x 180.20036pt.
<../MaxEntropy/Images/yw-demo-val2.dat.pdf, id=233, 867.24pt x 361.35pt>
File: ../MaxEntropy/Images/yw-demo-val2.dat.pdf Graphic file (type pdf)
<use ../MaxEntropy/Images/yw-demo-val2.dat.pdf>
Package pdftex.def Info: ../MaxEntropy/Images/yw-demo-val2.dat.pdf  used on input line 222.
(pdftex.def)             Requested size: 432.48051pt x 180.20036pt.
 [4pdfTeX warning (ext4): destination with the same identifier (name{figure.3}) has been already used, duplicate ignored
<argument> ...shipout:D \box_use:N \l_shipout_box 
                                                  \__shipout_drop_firstpage_...
l.226 
      pdfTeX warning (ext4): destination with the same identifier (name{figure.4}) has been already used, duplicate ignored
<argument> ...shipout:D \box_use:N \l_shipout_box 
                                                  \__shipout_drop_firstpage_...
l.226 
       <../MaxEntropy/Images/detrended-co2.pdf> <../LinForecast/Images/borza-detrended.pdf>]
<../MaxEntropy/Images/yw-demo-val3.dat.pdf, id=419, 867.24pt x 361.35pt>
File: ../MaxEntropy/Images/yw-demo-val3.dat.pdf Graphic file (type pdf)
<use ../MaxEntropy/Images/yw-demo-val3.dat.pdf>
Package pdftex.def Info: ../MaxEntropy/Images/yw-demo-val3.dat.pdf  used on input line 229.
(pdftex.def)             Requested size: 432.48051pt x 180.20036pt.
<../MaxEntropy/Images/yw-demo-co2.dat.pdf, id=420, 867.24pt x 361.35pt>
File: ../MaxEntropy/Images/yw-demo-co2.dat.pdf Graphic file (type pdf)
<use ../MaxEntropy/Images/yw-demo-co2.dat.pdf>
Package pdftex.def Info: ../MaxEntropy/Images/yw-demo-co2.dat.pdf  used on input line 236.
(pdftex.def)             Requested size: 432.48051pt x 180.20036pt.
<../MaxEntropy/Images/peak-widths-val2.dat.pdf, id=423, 1011.78pt x 361.35pt>
File: ../MaxEntropy/Images/peak-widths-val2.dat.pdf Graphic file (type pdf)
<use ../MaxEntropy/Images/peak-widths-val2.dat.pdf>
Package pdftex.def Info: ../MaxEntropy/Images/peak-widths-val2.dat.pdf  used on input line 248.
(pdftex.def)             Requested size: 432.48051pt x 154.45667pt.
 [5pdfTeX warning (ext4): destination with the same identifier (name{figure.5}) has been already used, duplicate ignored
<argument> ...shipout:D \box_use:N \l_shipout_box 
                                                  \__shipout_drop_firstpage_...
l.252 
      pdfTeX warning (ext4): destination with the same identifier (name{figure.6}) has been already used, duplicate ignored
<argument> ...shipout:D \box_use:N \l_shipout_box 
                                                  \__shipout_drop_firstpage_...
l.252 
      pdfTeX warning (ext4): destination with the same identifier (name{figure.7}) has been already used, duplicate ignored
<argument> ...shipout:D \box_use:N \l_shipout_box 
                                                  \__shipout_drop_firstpage_...
l.252 
       <../MaxEntropy/Images/yw-demo-val2.dat.pdf> <../MaxEntropy/Images/yw-demo-val3.dat.pdf> <../MaxEntropy/Images/yw-demo-co2.dat.pdf>]
<../MaxEntropy/Images/peak-widths-val3.dat.pdf, id=657, 1011.78pt x 361.35pt>
File: ../MaxEntropy/Images/peak-widths-val3.dat.pdf Graphic file (type pdf)
<use ../MaxEntropy/Images/peak-widths-val3.dat.pdf>
Package pdftex.def Info: ../MaxEntropy/Images/peak-widths-val3.dat.pdf  used on input line 255.
(pdftex.def)             Requested size: 432.48051pt x 154.45667pt.

Underfull \hbox (badness 10000) in paragraph at lines 260--270

 []

<../MaxEntropy/Images/fft-ar-model-compare.pdf, id=659, 867.24pt x 578.16pt>
File: ../MaxEntropy/Images/fft-ar-model-compare.pdf Graphic file (type pdf)
<use ../MaxEntropy/Images/fft-ar-model-compare.pdf>
Package pdftex.def Info: ../MaxEntropy/Images/fft-ar-model-compare.pdf  used on input line 277.
(pdftex.def)             Requested size: 432.48051pt x 288.32059pt.
[6pdfTeX warning (ext4): destination with the same identifier (name{figure.8}) has been already used, duplicate ignored
<argument> ...shipout:D \box_use:N \l_shipout_box 
                                                  \__shipout_drop_firstpage_...
l.281 
      pdfTeX warning (ext4): destination with the same identifier (name{figure.9}) has been already used, duplicate ignored
<argument> ...shipout:D \box_use:N \l_shipout_box 
                                                  \__shipout_drop_firstpage_...
l.281 
       <../MaxEntropy/Images/peak-widths-val2.dat.pdf> <../MaxEntropy/Images/peak-widths-val3.dat.pdf>]
Underfull \hbox (badness 10000) in paragraph at lines 282--286

 []

<../MaxEntropy/Images/order-density-val2.dat.pdf, id=850, 1011.78pt x 325.215pt>
File: ../MaxEntropy/Images/order-density-val2.dat.pdf Graphic file (type pdf)
<use ../MaxEntropy/Images/order-density-val2.dat.pdf>
Package pdftex.def Info: ../MaxEntropy/Images/order-density-val2.dat.pdf  used on input line 293.
(pdftex.def)             Requested size: 432.48051pt x 139.011pt.
<../MaxEntropy/Images/order-density-val3.dat.pdf, id=851, 1011.78pt x 325.215pt>
File: ../MaxEntropy/Images/order-density-val3.dat.pdf Graphic file (type pdf)
<use ../MaxEntropy/Images/order-density-val3.dat.pdf>
Package pdftex.def Info: ../MaxEntropy/Images/order-density-val3.dat.pdf  used on input line 300.
(pdftex.def)             Requested size: 432.48051pt x 139.011pt.
[7pdfTeX warning (ext4): destination with the same identifier (name{figure.10}) has been already used, duplicate ignored
<argument> ...shipout:D \box_use:N \l_shipout_box 
                                                  \__shipout_drop_firstpage_...
l.304 
      pdfTeX warning (ext4): destination with the same identifier (name{figure.11}) has been already used, duplicate ignored
<argument> ...shipout:D \box_use:N \l_shipout_box 
                                                  \__shipout_drop_firstpage_...
l.304 
       <../MaxEntropy/Images/fft-ar-model-compare.pdf> <../MaxEntropy/Images/order-density-val2.dat.pdf>]
<../MaxEntropy/Images/order-density-co2.dat.pdf, id=1098, 1011.78pt x 325.215pt>
File: ../MaxEntropy/Images/order-density-co2.dat.pdf Graphic file (type pdf)
<use ../MaxEntropy/Images/order-density-co2.dat.pdf>
Package pdftex.def Info: ../MaxEntropy/Images/order-density-co2.dat.pdf  used on input line 307.
(pdftex.def)             Requested size: 432.48051pt x 139.011pt.

Underfull \hbox (badness 10000) in paragraph at lines 312--321

 []

<../MaxEntropy/Images/s-res.pdf, id=1101, 722.7pt x 650.43pt>
File: ../MaxEntropy/Images/s-res.pdf Graphic file (type pdf)
<use ../MaxEntropy/Images/s-res.pdf>
Package pdftex.def Info: ../MaxEntropy/Images/s-res.pdf  used on input line 329.
(pdftex.def)             Requested size: 432.48051pt x 389.22884pt.
[8pdfTeX warning (ext4): destination with the same identifier (name{figure.12}) has been already used, duplicate ignored
<argument> ...shipout:D \box_use:N \l_shipout_box 
                                                  \__shipout_drop_firstpage_...
l.333 
      pdfTeX warning (ext4): destination with the same identifier (name{figure.13}) has been already used, duplicate ignored
<argument> ...shipout:D \box_use:N \l_shipout_box 
                                                  \__shipout_drop_firstpage_...
l.333 
       <../MaxEntropy/Images/order-density-val3.dat.pdf> <../MaxEntropy/Images/order-density-co2.dat.pdf>]
<../MaxEntropy/Images/test-spectra.pdf, id=1337, 578.16pt x 361.35pt>
File: ../MaxEntropy/Images/test-spectra.pdf Graphic file (type pdf)
<use ../MaxEntropy/Images/test-spectra.pdf>
Package pdftex.def Info: ../MaxEntropy/Images/test-spectra.pdf  used on input line 336.
(pdftex.def)             Requested size: 364.19667pt x 227.61862pt.
 [9pdfTeX warning (ext4): destination with the same identifier (name{figure.14}) has been already used, duplicate ignored
<argument> ...shipout:D \box_use:N \l_shipout_box 
                                                  \__shipout_drop_firstpage_...
l.347 
      pdfTeX warning (ext4): destination with the same identifier (name{figure.15}) has been already used, duplicate ignored
<argument> ...shipout:D \box_use:N \l_shipout_box 
                                                  \__shipout_drop_firstpage_...
l.347 
       <../MaxEntropy/Images/s-res.pdf> <../MaxEntropy/Images/test-spectra.pdf>]
<../MaxEntropy/Images/ar-spectra.pdf, id=1524, 867.24pt x 361.35pt>
File: ../MaxEntropy/Images/ar-spectra.pdf Graphic file (type pdf)
<use ../MaxEntropy/Images/ar-spectra.pdf>
Package pdftex.def Info: ../MaxEntropy/Images/ar-spectra.pdf  used on input line 350.
(pdftex.def)             Requested size: 432.48051pt x 180.20036pt.
<../MaxEntropy/Images/time-res.pdf, id=1526, 722.7pt x 650.43pt>
File: ../MaxEntropy/Images/time-res.pdf Graphic file (type pdf)
<use ../MaxEntropy/Images/time-res.pdf>
Package pdftex.def Info: ../MaxEntropy/Images/time-res.pdf  used on input line 360.
(pdftex.def)             Requested size: 364.19667pt x 327.77478pt.
 [10pdfTeX warning (ext4): destination with the same identifier (name{figure.16}) has been already used, duplicate ignored
<argument> ...shipout:D \box_use:N \l_shipout_box 
                                                  \__shipout_drop_firstpage_...
l.371 
      pdfTeX warning (ext4): destination with the same identifier (name{figure.17}) has been already used, duplicate ignored
<argument> ...shipout:D \box_use:N \l_shipout_box 
                                                  \__shipout_drop_firstpage_...
l.371 
       <../MaxEntropy/Images/ar-spectra.pdf> <../MaxEntropy/Images/time-res.pdf>]
<../LinForecast/Images/forecast-val2.dat.pdf, id=1716, 867.24pt x 650.43pt>
File: ../LinForecast/Images/forecast-val2.dat.pdf Graphic file (type pdf)
<use ../LinForecast/Images/forecast-val2.dat.pdf>
Package pdftex.def Info: ../LinForecast/Images/forecast-val2.dat.pdf  used on input line 374.
(pdftex.def)             Requested size: 364.19667pt x 273.14896pt.
<../LinForecast/Images/forecast-val3.dat.pdf, id=1717, 867.24pt x 650.43pt>
File: ../LinForecast/Images/forecast-val3.dat.pdf Graphic file (type pdf)
<use ../LinForecast/Images/forecast-val3.dat.pdf>
Package pdftex.def Info: ../LinForecast/Images/forecast-val3.dat.pdf  used on input line 381.
(pdftex.def)             Requested size: 364.19667pt x 273.14896pt.
<../LinForecast/Images/forecast-co2.dat.pdf, id=1718, 867.24pt x 650.43pt>
File: ../LinForecast/Images/forecast-co2.dat.pdf Graphic file (type pdf)
<use ../LinForecast/Images/forecast-co2.dat.pdf>
Package pdftex.def Info: ../LinForecast/Images/forecast-co2.dat.pdf  used on input line 388.
(pdftex.def)             Requested size: 364.19667pt x 273.14896pt.
 [11pdfTeX warning (ext4): destination with the same identifier (name{figure.18}) has been already used, duplicate ignored
<argument> ...shipout:D \box_use:N \l_shipout_box 
                                                  \__shipout_drop_firstpage_...
l.392 
      pdfTeX warning (ext4): destination with the same identifier (name{figure.19}) has been already used, duplicate ignored
<argument> ...shipout:D \box_use:N \l_shipout_box 
                                                  \__shipout_drop_firstpage_...
l.392 
       <../LinForecast/Images/forecast-val2.dat.pdf> <../LinForecast/Images/forecast-val3.dat.pdf>]
Underfull \hbox (badness 10000) in paragraph at lines 393--400

 []

<../LinForecast/Images/forecast-borza-detrended.npz-lin.pdf, id=2012, 867.24pt x 650.43pt>
File: ../LinForecast/Images/forecast-borza-detrended.npz-lin.pdf Graphic file (type pdf)
<use ../LinForecast/Images/forecast-borza-detrended.npz-lin.pdf>
Package pdftex.def Info: ../LinForecast/Images/forecast-borza-detrended.npz-lin.pdf  used on input line 406.
(pdftex.def)             Requested size: 364.19667pt x 273.14896pt.
[12pdfTeX warning (ext4): destination with the same identifier (name{figure.20}) has been already used, duplicate ignored
<argument> ...shipout:D \box_use:N \l_shipout_box 
                                                  \__shipout_drop_firstpage_...
l.410 
       <../LinForecast/Images/forecast-co2.dat.pdf>]
<../LinForecast/Images/forecast-luna-detrended.npz.pdf, id=2160, 867.24pt x 650.43pt>
File: ../LinForecast/Images/forecast-luna-detrended.npz.pdf Graphic file (type pdf)
<use ../LinForecast/Images/forecast-luna-detrended.npz.pdf>
Package pdftex.def Info: ../LinForecast/Images/forecast-luna-detrended.npz.pdf  used on input line 413.
(pdftex.def)             Requested size: 364.19667pt x 273.14896pt.
<../LinForecast/Images/forecast-wolf-detrended.npz.pdf, id=2161, 867.24pt x 650.43pt>
File: ../LinForecast/Images/forecast-wolf-detrended.npz.pdf Graphic file (type pdf)
<use ../LinForecast/Images/forecast-wolf-detrended.npz.pdf>
Package pdftex.def Info: ../LinForecast/Images/forecast-wolf-detrended.npz.pdf  used on input line 420.
(pdftex.def)             Requested size: 364.19667pt x 273.14896pt.
 [13pdfTeX warning (ext4): destination with the same identifier (name{figure.21}) has been already used, duplicate ignored
<argument> ...shipout:D \box_use:N \l_shipout_box 
                                                  \__shipout_drop_firstpage_...
l.424 
      pdfTeX warning (ext4): destination with the same identifier (name{figure.22}) has been already used, duplicate ignored
<argument> ...shipout:D \box_use:N \l_shipout_box 
                                                  \__shipout_drop_firstpage_...
l.424 
       <../LinForecast/Images/forecast-borza-detrended.npz-lin.pdf> <../LinForecast/Images/forecast-luna-detrended.npz.pdf>]
Underfull \hbox (badness 10000) in paragraph at lines 425--438

 []

<../LinForecast/Images/noisey-forecast-val2.dat-0.1.pdf, id=2458, 867.24pt x 650.43pt>
File: ../LinForecast/Images/noisey-forecast-val2.dat-0.1.pdf Graphic file (type pdf)
<use ../LinForecast/Images/noisey-forecast-val2.dat-0.1.pdf>
Package pdftex.def Info: ../LinForecast/Images/noisey-forecast-val2.dat-0.1.pdf  used on input line 445.
(pdftex.def)             Requested size: 364.19667pt x 273.14896pt.
[14pdfTeX warning (ext4): destination with the same identifier (name{figure.23}) has been already used, duplicate ignored
<argument> ...shipout:D \box_use:N \l_shipout_box 
                                                  \__shipout_drop_firstpage_...
l.449 
       <../LinForecast/Images/forecast-wolf-detrended.npz.pdf>]
<../LinForecast/Images/noisey-forecast-val2.dat-0.5.pdf, id=2609, 867.24pt x 650.43pt>
File: ../LinForecast/Images/noisey-forecast-val2.dat-0.5.pdf Graphic file (type pdf)
<use ../LinForecast/Images/noisey-forecast-val2.dat-0.5.pdf>
Package pdftex.def Info: ../LinForecast/Images/noisey-forecast-val2.dat-0.5.pdf  used on input line 452.
(pdftex.def)             Requested size: 364.19667pt x 273.14896pt.
<../LinForecast/Images/noisey-forecast-val2.dat-0.75.pdf, id=2610, 867.24pt x 650.43pt>
File: ../LinForecast/Images/noisey-forecast-val2.dat-0.75.pdf Graphic file (type pdf)
<use ../LinForecast/Images/noisey-forecast-val2.dat-0.75.pdf>
Package pdftex.def Info: ../LinForecast/Images/noisey-forecast-val2.dat-0.75.pdf  used on input line 459.
(pdftex.def)             Requested size: 364.19667pt x 273.14896pt.
 [15pdfTeX warning (ext4): destination with the same identifier (name{figure.24}) has been already used, duplicate ignored
<argument> ...shipout:D \box_use:N \l_shipout_box 
                                                  \__shipout_drop_firstpage_...
l.463 
      pdfTeX warning (ext4): destination with the same identifier (name{figure.25}) has been already used, duplicate ignored
<argument> ...shipout:D \box_use:N \l_shipout_box 
                                                  \__shipout_drop_firstpage_...
l.463 
       <../LinForecast/Images/noisey-forecast-val2.dat-0.1.pdf> <../LinForecast/Images/noisey-forecast-val2.dat-0.5.pdf>] [16pdfTeX warning (ext4): destination with the same identifier (name{figure.26}) has been already used, duplicate ignored
<argument> ...shipout:D \box_use:N \l_shipout_box 
                                                  \__shipout_drop_firstpage_...
l.483 \newpage
               <../LinForecast/Images/noisey-forecast-val2.dat-0.75.pdf>] (./mod112.bbl) [17] (./mod112.aux)
Package rerunfilecheck Info: File `mod112.out' has not changed.
(rerunfilecheck)             Checksum: CC6E7B7830482F04E00ED391724EB717;1155.
 ) 
Here is how much of TeX's memory you used:
 10799 strings out of 480247
 180692 string characters out of 5896151
 479871 words of memory out of 5000000
 28493 multiletter control sequences out of 15000+600000
 474514 words of font info for 48 fonts, out of 8000000 for 9000
 14 hyphenation exceptions out of 8191
 60i,9n,63p,290b,337s stack positions out of 5000i,500n,10000p,200000b,80000s
</usr/share/texlive/texmf-dist/fonts/type1/public/amsfonts/cm/cmbx10.pfb></usr/share/texlive/texmf-dist/fonts/type1/public/amsfonts/cm/cmbx12.pfb></usr/share/texlive/texmf-dist/fonts/type1/public/amsfonts/cm/cmex10.pfb></usr/share/texlive/texmf-dist/fonts/type1/public/amsfonts/cm/cmmi10.pfb></usr/share/texlive/texmf-dist/fonts/type1/public/amsfonts/cm/cmmi7.pfb></usr/share/texlive/texmf-dist/fonts/type1/public/amsfonts/cm/cmr10.pfb></usr/share/texlive/texmf-dist/fonts/type1/public/amsfonts/cm/cmr7.pfb></usr/share/texlive/texmf-dist/fonts/type1/public/amsfonts/cm/cmr9.pfb></usr/share/texlive/texmf-dist/fonts/type1/public/amsfonts/cm/cmsy10.pfb></usr/share/texlive/texmf-dist/fonts/type1/public/amsfonts/cm/cmsy7.pfb></usr/share/texlive/texmf-dist/fonts/type1/public/amsfonts/cm/cmti10.pfb></usr/share/texlive/texmf-dist/fonts/type1/public/amsfonts/cm/cmtt10.pfb>
Output written on mod112.pdf (18 pages, 1984282 bytes).
PDF statistics:
 3144 PDF objects out of 3580 (max. 8388607)
 679 compressed objects within 7 object streams
 63 named destinations out of 1000 (max. 500000)
 208 words of extra memory for PDF output out of 10000 (max. 10000000)

